<?xml version="1.0" encoding="UTF-8"?>
<!-- Generated by org.testng.reporters.JUnitXMLReporter -->
<testsuite hostname="SUPPORT-01" tests="1" failures="0" timestamp="4 Feb 2014 19:10:50 GMT" time="1.373" errors="0">
  <testcase name="@BeforeTest AdminLogin" time="0.0" classname="adminloginTest">
    <failure type="java.lang.IllegalStateException" message="Can&amp;apos;t start selenium server">
      <![CDATA[java.lang.IllegalStateException: Can't start selenium server
	at adminloginTest.AdminLogin(adminloginTest.java:36)
	at sun.reflect.NativeMethodAccessorImpl.invoke0(Native Method)
	at sun.reflect.NativeMethodAccessorImpl.invoke(Unknown Source)
	at sun.reflect.DelegatingMethodAccessorImpl.invoke(Unknown Source)
	at java.lang.reflect.Method.invoke(Unknown Source)
	at org.testng.internal.MethodInvocationHelper.invokeMethod(MethodInvocationHelper.java:84)
	at org.testng.internal.Invoker.invokeConfigurationMethod(Invoker.java:564)
	at org.testng.internal.Invoker.invokeConfigurations(Invoker.java:213)
	at org.testng.internal.Invoker.invokeConfigurations(Invoker.java:138)
	at org.testng.TestRunner.beforeRun(TestRunner.java:641)
	at org.testng.TestRunner.run(TestRunner.java:609)
	at org.testng.SuiteRunner.runTest(SuiteRunner.java:334)
	at org.testng.SuiteRunner.runSequentially(SuiteRunner.java:329)
	at org.testng.SuiteRunner.privateRun(SuiteRunner.java:291)
	at org.testng.SuiteRunner.run(SuiteRunner.java:240)
	at org.testng.SuiteRunnerWorker.runSuite(SuiteRunnerWorker.java:52)
	at org.testng.SuiteRunnerWorker.run(SuiteRunnerWorker.java:86)
	at org.testng.TestNG.runSuitesSequentially(TestNG.java:1224)
	at org.testng.TestNG.runSuitesLocally(TestNG.java:1149)
	at org.testng.TestNG.run(TestNG.java:1057)
	at org.testng.remote.RemoteTestNG.run(RemoteTestNG.java:111)
	at org.testng.remote.RemoteTestNG.initAndRun(RemoteTestNG.java:204)
	at org.testng.remote.RemoteTestNG.main(RemoteTestNG.java:175)
Caused by: java.net.BindException: Selenium is already running on port 4444. Or some other service is.
	at org.openqa.selenium.server.SeleniumServer.start(SeleniumServer.java:491)
	at org.openqa.selenium.server.SeleniumServer.boot(SeleniumServer.java:300)
	at adminloginTest.AdminLogin(adminloginTest.java:34)
	... 22 more
]]>
    </failure>
  </testcase> <!-- @BeforeTest AdminLogin -->
  <testcase name="AdminLogin" time="0.001" classname="adminloginTest">
    <skipped/>
  </testcase> <!-- AdminLogin -->
</testsuite>
